[INFO  - 2017-06-23T01:49:45.875Z] GhostDriver - Main - running on port 1341
[INFO  - 2017-06-23T01:49:46.135Z] Session [3c0def20-57b6-11e7-a10f-810f4b09659c] - page.settings - {"XSSAuditingEnabled":false,"javascriptCanCloseWindows":true,"javascriptCanOpenWindows":true,"javascriptEnabled":true,"loadImages":true,"localToRemoteUrlAccessEnabled":false,"userAgent":"Mozilla/5.0 (Windows NT 6.2; WOW64) AppleWebKit/538.1 (KHTML, like Gecko) PhantomJS/2.1.1 Safari/538.1","webSecurityEnabled":true}
[INFO  - 2017-06-23T01:49:46.136Z] Session [3c0def20-57b6-11e7-a10f-810f4b09659c] - page.customHeaders:  - {}
[INFO  - 2017-06-23T01:49:46.136Z] Session [3c0def20-57b6-11e7-a10f-810f4b09659c] - Session.negotiatedCapabilities - {"browserName":"phantomjs","version":"2.1.1","driverName":"ghostdriver","driverVersion":"1.2.0","platform":"windows-10-32bit","javascriptEnabled":true,"takesScreenshot":true,"handlesAlerts":false,"databaseEnabled":false,"locationContextEnabled":false,"applicationCacheEnabled":false,"browserConnectionEnabled":false,"cssSelectorsEnabled":true,"webStorageEnabled":false,"rotatable":false,"acceptSslCerts":false,"nativeEvents":true,"proxy":{"proxyType":"direct"}}
[INFO  - 2017-06-23T01:49:46.136Z] SessionManagerReqHand - _postNewSessionCommand - New Session Created: 3c0def20-57b6-11e7-a10f-810f4b09659c
[INFO  - 2017-06-23T01:54:45.964Z] SessionManagerReqHand - _cleanupWindowlessSessions - Asynchronous Sessions clean-up phase starting NOW
[INFO  - 2017-06-23T01:54:45.964Z] SessionManagerReqHand - _cleanupWindowlessSessions - Deleted Session '3c0def20-57b6-11e7-a10f-810f4b09659c', because windowless
Images":true,"localToRemoteUrlAccessEnabled":false,"userAgent":"Mozilla/5.0 (Windows NT 6.2; WOW64) AppleWebKit/538.1 (KHTML, like Gecko) PhantomJS/2.1.1 Safari/538.1","webSecurityEnabled":true}
[INFO  - 2017-06-23T01:53:38.628Z] Session [c6a165e0-57b6-11e7-9373-a322faf02bc0] - page.customHeaders:  - {}
[INFO  - 2017-06-23T01:53:38.628Z] Session [c6a165e0-57b6-11e7-9373-a322faf02bc0] - Session.negotiatedCapabilities - {"browserName":"phantomjs","version":"2.1.1","driverName":"ghostdriver","driverVersion":"1.2.0","platform":"windows-10-32bit","javascriptEnabled":true,"takesScreenshot":true,"handlesAlerts":false,"databaseEnabled":false,"locationContextEnabled":false,"applicationCacheEnabled":false,"browserConnectionEnabled":false,"cssSelectorsEnabled":true,"webStorageEnabled":false,"rotatable":false,"acceptSslCerts":false,"nativeEvents":true,"proxy":{"proxyType":"direct"}}
[INFO  - 2017-06-23T01:53:38.628Z] SessionManagerReqHand - _postNewSessionCommand - New Session Created: c6a165e0-57b6-11e7-9373-a322faf02bc0
[INFO  - 2017-06-23T01:58:38.185Z] SessionManagerReqHand - _cleanupWindowlessSessions - Asynchronous Sessions clean-up phase starting NOW
[INFO  - 2017-06-23T01:58:38.185Z] SessionManagerReqHand - _cleanupWindowlessSessions - Deleted Session 'c6a165e0-57b6-11e7-9373-a322faf02bc0', because windowless
Images":true,"localToRemoteUrlAccessEnabled":false,"userAgent":"Mozilla/5.0 (Windows NT 6.2; WOW64) AppleWebKit/538.1 (KHTML, like Gecko) PhantomJS/2.1.1 Safari/538.1","webSecurityEnabled":true}
[INFO  - 2017-06-23T01:54:28.465Z] Session [e455c4a0-57b6-11e7-9345-0567eb147a26] - page.customHeaders:  - {}
[INFO  - 2017-06-23T01:54:28.465Z] Session [e455c4a0-57b6-11e7-9345-0567eb147a26] - Session.negotiatedCapabilities - {"browserName":"phantomjs","version":"2.1.1","driverName":"ghostdriver","driverVersion":"1.2.0","platform":"windows-10-32bit","javascriptEnabled":true,"takesScreenshot":true,"handlesAlerts":false,"databaseEnabled":false,"locationContextEnabled":false,"applicationCacheEnabled":false,"browserConnectionEnabled":false,"cssSelectorsEnabled":true,"webStorageEnabled":false,"rotatable":false,"acceptSslCerts":false,"nativeEvents":true,"proxy":{"proxyType":"direct"}}
[INFO  - 2017-06-23T01:54:28.465Z] SessionManagerReqHand - _postNewSessionCommand - New Session Created: e455c4a0-57b6-11e7-9345-0567eb147a26
[INFO  - 2017-06-23T01:59:27.967Z] SessionManagerReqHand - _cleanupWindowlessSessions - Asynchronous Sessions clean-up phase starting NOW
[INFO  - 2017-06-23T01:59:27.967Z] SessionManagerReqHand - _cleanupWindowlessSessions - Deleted Session 'e455c4a0-57b6-11e7-9345-0567eb147a26', because windowless
[INFO  - 2017-06-23T05:29:30.449Z] GhostDriver - Main - running on port 17855
[INFO  - 2017-06-23T05:29:31.233Z] Session [eefc12b0-57d4-11e7-ad81-5312d30b123b] - page.settings - {"XSSAuditingEnabled":false,"javascriptCanCloseWindows":true,"javascriptCanOpenWindows":true,"javascriptEnabled":true,"loadImages":true,"localToRemoteUrlAccessEnabled":false,"userAgent":"Mozilla/5.0 (Windows NT 6.2; WOW64) AppleWebKit/538.1 (KHTML, like Gecko) PhantomJS/2.1.1 Safari/538.1","webSecurityEnabled":true}
[INFO  - 2017-06-23T05:29:31.233Z] Session [eefc12b0-57d4-11e7-ad81-5312d30b123b] - page.customHeaders:  - {}
[INFO  - 2017-06-23T05:29:31.233Z] Session [eefc12b0-57d4-11e7-ad81-5312d30b123b] - Session.negotiatedCapabilities - {"browserName":"phantomjs","version":"2.1.1","driverName":"ghostdriver","driverVersion":"1.2.0","platform":"windows-10-32bit","javascriptEnabled":true,"takesScreenshot":true,"handlesAlerts":false,"databaseEnabled":false,"locationContextEnabled":false,"applicationCacheEnabled":false,"browserConnectionEnabled":false,"cssSelectorsEnabled":true,"webStorageEnabled":false,"rotatable":false,"acceptSslCerts":false,"nativeEvents":true,"proxy":{"proxyType":"direct"}}
[INFO  - 2017-06-23T05:29:31.233Z] SessionManagerReqHand - _postNewSessionCommand - New Session Created: eefc12b0-57d4-11e7-ad81-5312d30b123b
